<?xml version="1.0" encoding="UTF-8"?>
<testsuite xmlns:xsi="http://www.w3.org/2001/XMLSchema-instance" xsi:noNamespaceSchemaLocation="https://maven.apache.org/surefire/maven-surefire-plugin/xsd/surefire-test-report-3.0.xsd" version="3.0" name="eci.cvds.parcialPrimerTercio.Parcial.ParcialApplicationTests" time="1.439" tests="2" errors="0" skipped="0" failures="0">
  <properties>
[...]
</properties>
  <testcase name="applicationStartsSuccessfully" classname="eci.cvds.parcialPrimerTercio.Parcial.ParcialApplicationTests" time="0.892">
    <system-out><![CDATA[2024-09-21T12:24:16.288-05:00  INFO 12452 --- [Parcial] [           main] t.c.s.AnnotationConfigContextLoaderUtils : Could not detect default configuration classes for test class [eci.cvds.parcialPrimerTercio.Parcial.ParcialApplicationTests]: ParcialApplicationTests does not declare any static, non-private, non-final, nested classes annotated with @Configuration.
2024-09-21T12:24:16.302-05:00  INFO 12452 --- [Parcial] [           main] .b.t.c.SpringBootTestContextBootstrapper : Found @SpringBootConfiguration eci.cvds.parcialPrimerTercio.Parcial.ParcialApplication for test class eci.cvds.parcialPrimerTercio.Parcial.ParcialApplicationTests
2024-09-21T12:24:16.319-05:00  INFO 12452 --- [Parcial] [           main] o.s.b.d.r.RestartApplicationListener     : Restart disabled due to context in which it is running

  .   ____          _            __ _ _
 /\\ / ___'_ __ _ _(_)_ __  __ _ \ \ \ \
( ( )\___ | '_ | '_| | '_ \/ _` | \ \ \ \
 \\/  ___)| |_)| | | | | || (_| |  ) ) ) )
  '  |____| .__|_| |_|_| |_\__, | / / / /
 =========|_|==============|___/=/_/_/_/

 :: Spring Boot ::                (v3.3.4)

2024-09-21T12:24:16.365-05:00  INFO 12452 --- [Parcial] [           main] e.c.p.Parcial.ParcialApplication         : Starting ParcialApplication using Java 17.0.10 with PID 12452 (started by sebastian.cardona-p in C:\Users\sebastian.cardona-p.LABINFO\Desktop\Parcial)
2024-09-21T12:24:16.366-05:00  INFO 12452 --- [Parcial] [           main] e.c.p.Parcial.ParcialApplication         : No active profile set, falling back to 1 default profile: "default"
2024-09-21T12:24:16.815-05:00  INFO 12452 --- [Parcial] [           main] o.s.b.w.embedded.tomcat.TomcatWebServer  : Tomcat initialized with port 8080 (http)
2024-09-21T12:24:16.844-05:00  INFO 12452 --- [Parcial] [           main] o.apache.catalina.core.StandardService   : Starting service [Tomcat]
2024-09-21T12:24:16.844-05:00  INFO 12452 --- [Parcial] [           main] o.apache.catalina.core.StandardEngine    : Starting Servlet engine: [Apache Tomcat/10.1.30]
2024-09-21T12:24:16.941-05:00  INFO 12452 --- [Parcial] [           main] o.a.c.c.C.[Tomcat].[localhost].[/]       : Initializing Spring embedded WebApplicationContext
2024-09-21T12:24:16.942-05:00  INFO 12452 --- [Parcial] [           main] w.s.c.ServletWebServerApplicationContext : Root WebApplicationContext: initialization completed in 573 ms
2024-09-21T12:24:17.192-05:00  INFO 12452 --- [Parcial] [           main] o.s.b.w.embedded.tomcat.TomcatWebServer  : Tomcat started on port 8080 (http) with context path '/'
2024-09-21T12:24:17.198-05:00  INFO 12452 --- [Parcial] [           main] e.c.p.Parcial.ParcialApplication         : Started ParcialApplication in 0.88 seconds (process running for 7.944)
]]></system-out>
  </testcase>
  <testcase name="applicationFailsToStartWithInvalidArgs" classname="eci.cvds.parcialPrimerTercio.Parcial.ParcialApplicationTests" time="0.52">
    <system-out><![CDATA[2024-09-21T12:24:17.212-05:00  INFO 12452 --- [Parcial] [           main] o.s.b.d.r.RestartApplicationListener     : Restart disabled due to context in which it is running

  .   ____          _            __ _ _
 /\\ / ___'_ __ _ _(_)_ __  __ _ \ \ \ \
( ( )\___ | '_ | '_| | '_ \/ _` | \ \ \ \
 \\/  ___)| |_)| | | | | || (_| |  ) ) ) )
  '  |____| .__|_| |_|_| |_\__, | / / / /
 =========|_|==============|___/=/_/_/_/

 :: Spring Boot ::                (v3.3.4)

2024-09-21T12:24:17.259-05:00  INFO 12452 --- [Parcial] [           main] e.c.p.Parcial.ParcialApplication         : Starting ParcialApplication using Java 17.0.10 with PID 12452 (started by sebastian.cardona-p in C:\Users\sebastian.cardona-p.LABINFO\Desktop\Parcial)
2024-09-21T12:24:17.259-05:00  INFO 12452 --- [Parcial] [           main] e.c.p.Parcial.ParcialApplication         : No active profile set, falling back to 1 default profile: "default"
2024-09-21T12:24:17.514-05:00  INFO 12452 --- [Parcial] [           main] o.s.b.w.embedded.tomcat.TomcatWebServer  : Tomcat initialized with port 8080 (http)
2024-09-21T12:24:17.515-05:00  INFO 12452 --- [Parcial] [           main] o.apache.catalina.core.StandardService   : Starting service [Tomcat]
2024-09-21T12:24:17.516-05:00  INFO 12452 --- [Parcial] [           main] o.apache.catalina.core.StandardEngine    : Starting Servlet engine: [Apache Tomcat/10.1.30]
2024-09-21T12:24:17.540-05:00  INFO 12452 --- [Parcial] [           main] o.a.c.c.C.[Tomcat-1].[localhost].[/]     : Initializing Spring embedded WebApplicationContext
2024-09-21T12:24:17.541-05:00  INFO 12452 --- [Parcial] [           main] w.s.c.ServletWebServerApplicationContext : Root WebApplicationContext: initialization completed in 275 ms
2024-09-21T12:24:17.648-05:00  WARN 12452 --- [Parcial] [           main] ConfigServletWebServerApplicationContext : Exception encountered during context initialization - cancelling refresh attempt: org.springframework.context.ApplicationContextException: Failed to start bean 'webServerStartStop'
2024-09-21T12:24:17.669-05:00  INFO 12452 --- [Parcial] [           main] .s.b.a.l.ConditionEvaluationReportLogger : 

Error starting ApplicationContext. To display the condition evaluation report re-run your application with 'debug' enabled.
2024-09-21T12:24:17.718-05:00 ERROR 12452 --- [Parcial] [           main] o.s.b.d.LoggingFailureAnalysisReporter   : 

***************************
APPLICATION FAILED TO START
***************************

Description:

Web server failed to start. Port 8080 was already in use.

Action:

Identify and stop the process that's listening on port 8080 or configure this application to listen on another port.

]]></system-out>
  </testcase>
</testsuite>